

Started GET "/assets/rails.png" for 127.0.0.1 at 2012-10-09 09:27:36 +0200
Connecting to database specified by database.yml
Served asset /rails.png - 200 OK (29ms)


Started GET "/assets/rails.png" for 127.0.0.1 at 2012-10-09 09:55:50 +0200
Connecting to database specified by database.yml
Served asset /rails.png - 304 Not Modified (74ms)


Started GET "/rails/info/properties" for 127.0.0.1 at 2012-10-09 09:56:09 +0200
Processing by Rails::InfoController#properties as HTML
  Rendered inline template (3.5ms)
Completed 200 OK in 53ms (Views: 53.0ms | ActiveRecord: 0.0ms)
Connecting to database specified by database.yml
Connecting to database specified by database.yml
  [1m[36m (1.3ms)[0m  [1mselect sqlite_version(*)[0m
  [1m[35m (52.7ms)[0m  CREATE TABLE "schema_migrations" ("version" varchar(255) NOT NULL) 
  [1m[36m (0.1ms)[0m  [1mPRAGMA index_list("schema_migrations")[0m
  [1m[35m (23.7ms)[0m  CREATE UNIQUE INDEX "unique_schema_migrations" ON "schema_migrations" ("version")
  [1m[36m (0.1ms)[0m  [1mSELECT "schema_migrations"."version" FROM "schema_migrations" [0m
Migrating to CreateNotes (20121009154446)
  [1m[35m (0.0ms)[0m  begin transaction
  [1m[36m (0.3ms)[0m  [1mCREATE TABLE "notes" ("id" INTEGER PRIMARY KEY AUTOINCREMENT NOT NULL, "user" varchar(255), "content" text, "created_at" datetime NOT NULL, "updated_at" datetime NOT NULL) [0m
  [1m[35m (0.1ms)[0m  INSERT INTO "schema_migrations" ("version") VALUES ('20121009154446')
  [1m[36m (28.8ms)[0m  [1mcommit transaction[0m
  [1m[35m (0.2ms)[0m  select sqlite_version(*)
  [1m[36m (0.1ms)[0m  [1mSELECT "schema_migrations"."version" FROM "schema_migrations" [0m
  [1m[35m (0.0ms)[0m  PRAGMA index_list("notes")


Started GET "/assets/rails.png" for 127.0.0.1 at 2012-10-09 17:53:32 +0200
Connecting to database specified by database.yml
Served asset /rails.png - 304 Not Modified (14ms)


Started GET "/notes" for 127.0.0.1 at 2012-10-09 17:53:36 +0200
Processing by NotesController#index as HTML
  [1m[36mNote Load (0.1ms)[0m  [1mSELECT "notes".* FROM "notes" [0m
  Rendered notes/index.html.erb within layouts/application (8.3ms)
Compiled notes.css  (106ms)  (pid 15997)
Compiled scaffolds.css  (18ms)  (pid 15997)
Compiled application.css  (141ms)  (pid 15997)
Compiled jquery.js  (3ms)  (pid 15997)
Compiled jquery_ujs.js  (0ms)  (pid 15997)
Compiled notes.js  (560ms)  (pid 15997)
Compiled application.js  (693ms)  (pid 15997)
Completed 200 OK in 1113ms (Views: 1002.6ms | ActiveRecord: 3.0ms)


Started GET "/assets/application.css?body=1" for 127.0.0.1 at 2012-10-09 17:53:37 +0200
Served asset /application.css - 200 OK (9ms)


Started GET "/assets/jquery_ujs.js?body=1" for 127.0.0.1 at 2012-10-09 17:53:37 +0200
Served asset /jquery_ujs.js - 200 OK (2ms)


Started GET "/assets/jquery.js?body=1" for 127.0.0.1 at 2012-10-09 17:53:37 +0200
Served asset /jquery.js - 200 OK (3ms)


Started GET "/assets/scaffolds.css?body=1" for 127.0.0.1 at 2012-10-09 17:53:37 +0200
Served asset /scaffolds.css - 200 OK (2ms)


Started GET "/assets/notes.js?body=1" for 127.0.0.1 at 2012-10-09 17:53:37 +0200
Served asset /notes.js - 200 OK (1ms)


Started GET "/assets/application.js?body=1" for 127.0.0.1 at 2012-10-09 17:53:37 +0200
Served asset /application.js - 200 OK (9ms)


Started GET "/assets/notes.css?body=1" for 127.0.0.1 at 2012-10-09 17:53:37 +0200
Served asset /notes.css - 200 OK (1ms)


Started GET "/assets/rails.png" for 127.0.0.1 at 2012-10-09 17:54:45 +0200
Connecting to database specified by database.yml
Served asset /rails.png - 304 Not Modified (30ms)


Started GET "/assets/rails.png" for 127.0.0.1 at 2012-10-09 17:54:48 +0200
Served asset /rails.png - 304 Not Modified (0ms)


Started GET "/assets/rails.png" for 127.0.0.1 at 2012-10-09 17:56:02 +0200
Served asset /rails.png - 304 Not Modified (0ms)


Started GET "/assets/rails.png" for 127.0.0.1 at 2012-10-09 17:56:48 +0200
Connecting to database specified by database.yml
Served asset /rails.png - 304 Not Modified (30ms)


Started GET "/assets/rails.png" for 127.0.0.1 at 2012-10-09 17:57:13 +0200
Served asset /rails.png - 304 Not Modified (0ms)


Started GET "/assets/rails.png" for 127.0.0.1 at 2012-10-09 17:57:24 +0200
Connecting to database specified by database.yml
Served asset /rails.png - 304 Not Modified (27ms)


Started GET "/" for 127.0.0.1 at 2012-10-09 17:57:49 +0200
Processing by NotesController#index as HTML
  [1m[36mNote Load (0.1ms)[0m  [1mSELECT "notes".* FROM "notes" [0m
  Rendered notes/index.html.erb within layouts/application (11.1ms)
Completed 200 OK in 223ms (Views: 171.7ms | ActiveRecord: 1.9ms)


Started GET "/assets/application.css?body=1" for 127.0.0.1 at 2012-10-09 17:57:50 +0200
Served asset /application.css - 200 OK (3ms)


Started GET "/assets/application.js?body=1" for 127.0.0.1 at 2012-10-09 17:57:50 +0200
Served asset /application.js - 200 OK (18ms)


Started GET "/assets/notes.css?body=1" for 127.0.0.1 at 2012-10-09 17:57:50 +0200
Served asset /notes.css - 200 OK (1ms)


Started GET "/assets/notes.js?body=1" for 127.0.0.1 at 2012-10-09 17:57:50 +0200
Served asset /notes.js - 200 OK (1ms)


Started GET "/assets/scaffolds.css?body=1" for 127.0.0.1 at 2012-10-09 17:57:50 +0200
Served asset /scaffolds.css - 200 OK (1ms)


Started GET "/assets/jquery.js?body=1" for 127.0.0.1 at 2012-10-09 17:57:50 +0200
Served asset /jquery.js - 200 OK (54ms)


Started GET "/assets/jquery_ujs.js?body=1" for 127.0.0.1 at 2012-10-09 17:57:50 +0200
Served asset /jquery_ujs.js - 200 OK (2ms)


Started GET "/notes/new" for 127.0.0.1 at 2012-10-09 17:58:14 +0200
Processing by NotesController#new as HTML
  Rendered notes/_form.html.erb (47.7ms)
  Rendered notes/new.html.erb within layouts/application (68.0ms)
Completed 200 OK in 80ms (Views: 73.6ms | ActiveRecord: 0.0ms)


Started GET "/assets/application.css?body=1" for 127.0.0.1 at 2012-10-09 17:58:15 +0200
Served asset /application.css - 304 Not Modified (9ms)


Started GET "/assets/notes.css?body=1" for 127.0.0.1 at 2012-10-09 17:58:15 +0200
Served asset /notes.css - 304 Not Modified (0ms)


Started GET "/assets/jquery.js?body=1" for 127.0.0.1 at 2012-10-09 17:58:15 +0200
Served asset /jquery.js - 304 Not Modified (0ms)


Started GET "/assets/scaffolds.css?body=1" for 127.0.0.1 at 2012-10-09 17:58:15 +0200
Served asset /scaffolds.css - 304 Not Modified (0ms)


Started GET "/assets/jquery_ujs.js?body=1" for 127.0.0.1 at 2012-10-09 17:58:15 +0200
Served asset /jquery_ujs.js - 304 Not Modified (0ms)


Started GET "/assets/notes.js?body=1" for 127.0.0.1 at 2012-10-09 17:58:15 +0200
Served asset /notes.js - 304 Not Modified (0ms)


Started GET "/assets/application.js?body=1" for 127.0.0.1 at 2012-10-09 17:58:15 +0200
Served asset /application.js - 304 Not Modified (1ms)


Started GET "/notes" for 127.0.0.1 at 2012-10-09 17:58:18 +0200
Processing by NotesController#index as HTML
  [1m[35mNote Load (0.2ms)[0m  SELECT "notes".* FROM "notes" 
  Rendered notes/index.html.erb within layouts/application (0.3ms)
Completed 200 OK in 8ms (Views: 6.1ms | ActiveRecord: 0.2ms)


Started GET "/assets/notes.js?body=1" for 127.0.0.1 at 2012-10-09 17:58:18 +0200
Served asset /notes.js - 304 Not Modified (0ms)


Started GET "/assets/jquery_ujs.js?body=1" for 127.0.0.1 at 2012-10-09 17:58:18 +0200
Served asset /jquery_ujs.js - 304 Not Modified (0ms)


Started GET "/assets/jquery.js?body=1" for 127.0.0.1 at 2012-10-09 17:58:18 +0200
Served asset /jquery.js - 304 Not Modified (0ms)


Started GET "/assets/scaffolds.css?body=1" for 127.0.0.1 at 2012-10-09 17:58:18 +0200
Served asset /scaffolds.css - 304 Not Modified (0ms)


Started GET "/assets/application.css?body=1" for 127.0.0.1 at 2012-10-09 17:58:18 +0200
Served asset /application.css - 304 Not Modified (0ms)


Started GET "/assets/notes.css?body=1" for 127.0.0.1 at 2012-10-09 17:58:18 +0200
Served asset /notes.css - 304 Not Modified (0ms)


Started GET "/assets/application.js?body=1" for 127.0.0.1 at 2012-10-09 17:58:18 +0200
Served asset /application.js - 304 Not Modified (73ms)


Started GET "/notes/new" for 127.0.0.1 at 2012-10-09 17:58:20 +0200
Processing by NotesController#new as HTML
  Rendered notes/_form.html.erb (1.7ms)
  Rendered notes/new.html.erb within layouts/application (3.0ms)
Completed 200 OK in 9ms (Views: 8.8ms | ActiveRecord: 0.0ms)


Started GET "/assets/notes.js?body=1" for 127.0.0.1 at 2012-10-09 17:58:20 +0200
Served asset /notes.js - 304 Not Modified (0ms)


Started GET "/assets/jquery_ujs.js?body=1" for 127.0.0.1 at 2012-10-09 17:58:20 +0200
Served asset /jquery_ujs.js - 304 Not Modified (0ms)


Started GET "/assets/jquery.js?body=1" for 127.0.0.1 at 2012-10-09 17:58:20 +0200
Served asset /jquery.js - 304 Not Modified (0ms)


Started GET "/assets/scaffolds.css?body=1" for 127.0.0.1 at 2012-10-09 17:58:20 +0200
Served asset /scaffolds.css - 304 Not Modified (0ms)


Started GET "/assets/application.css?body=1" for 127.0.0.1 at 2012-10-09 17:58:20 +0200
Served asset /application.css - 304 Not Modified (0ms)


Started GET "/assets/notes.css?body=1" for 127.0.0.1 at 2012-10-09 17:58:20 +0200
Served asset /notes.css - 304 Not Modified (0ms)


Started GET "/assets/application.js?body=1" for 127.0.0.1 at 2012-10-09 17:58:20 +0200
Served asset /application.js - 304 Not Modified (1ms)


Started POST "/notes" for 127.0.0.1 at 2012-10-09 17:58:25 +0200
Processing by NotesController#create as HTML
  Parameters: {"utf8"=>"✓", "authenticity_token"=>"MwykLMwidO9Ciw+kKq3aHNWvleHvp75sz7A+E04oFzU=", "note"=>{"user"=>"olivier", "content"=>"test"}, "commit"=>"Create Note"}
  [1m[36m (0.1ms)[0m  [1mbegin transaction[0m
  [1m[35mSQL (70.2ms)[0m  INSERT INTO "notes" ("content", "created_at", "updated_at", "user") VALUES (?, ?, ?, ?)  [["content", "test"], ["created_at", Tue, 09 Oct 2012 15:58:25 UTC +00:00], ["updated_at", Tue, 09 Oct 2012 15:58:25 UTC +00:00], ["user", "olivier"]]
  [1m[36m (45.1ms)[0m  [1mcommit transaction[0m
Redirected to http://localhost:3000/notes/1
Completed 302 Found in 121ms (ActiveRecord: 115.5ms)


Started GET "/notes/1" for 127.0.0.1 at 2012-10-09 17:58:26 +0200
Processing by NotesController#show as HTML
  Parameters: {"id"=>"1"}
  [1m[35mNote Load (0.3ms)[0m  SELECT "notes".* FROM "notes" WHERE "notes"."id" = ? LIMIT 1  [["id", "1"]]
  Rendered notes/show.html.erb within layouts/application (1.3ms)
Completed 200 OK in 15ms (Views: 10.6ms | ActiveRecord: 0.3ms)


Started GET "/assets/application.css?body=1" for 127.0.0.1 at 2012-10-09 17:58:26 +0200
Served asset /application.css - 304 Not Modified (3ms)


Started GET "/assets/notes.js?body=1" for 127.0.0.1 at 2012-10-09 17:58:26 +0200
Served asset /notes.js - 304 Not Modified (0ms)


Started GET "/assets/application.js?body=1" for 127.0.0.1 at 2012-10-09 17:58:26 +0200
Served asset /application.js - 304 Not Modified (1ms)


Started GET "/assets/scaffolds.css?body=1" for 127.0.0.1 at 2012-10-09 17:58:26 +0200
Served asset /scaffolds.css - 304 Not Modified (0ms)


Started GET "/assets/jquery_ujs.js?body=1" for 127.0.0.1 at 2012-10-09 17:58:26 +0200
Served asset /jquery_ujs.js - 304 Not Modified (0ms)


Started GET "/assets/notes.css?body=1" for 127.0.0.1 at 2012-10-09 17:58:26 +0200
Served asset /notes.css - 304 Not Modified (0ms)


Started GET "/assets/jquery.js?body=1" for 127.0.0.1 at 2012-10-09 17:58:26 +0200
Served asset /jquery.js - 304 Not Modified (0ms)


Started GET "/notes" for 127.0.0.1 at 2012-10-09 17:58:28 +0200
Processing by NotesController#index as HTML
  [1m[36mNote Load (0.0ms)[0m  [1mSELECT "notes".* FROM "notes" [0m
  Rendered notes/index.html.erb within layouts/application (2.6ms)
Completed 200 OK in 46ms (Views: 44.4ms | ActiveRecord: 0.0ms)


Started GET "/assets/application.css?body=1" for 127.0.0.1 at 2012-10-09 17:58:28 +0200
Served asset /application.css - 304 Not Modified (0ms)


Started GET "/assets/jquery.js?body=1" for 127.0.0.1 at 2012-10-09 17:58:28 +0200
Served asset /jquery.js - 304 Not Modified (0ms)


Started GET "/assets/notes.css?body=1" for 127.0.0.1 at 2012-10-09 17:58:28 +0200
Served asset /notes.css - 304 Not Modified (0ms)


Started GET "/assets/scaffolds.css?body=1" for 127.0.0.1 at 2012-10-09 17:58:28 +0200
Served asset /scaffolds.css - 304 Not Modified (0ms)


Started GET "/assets/jquery_ujs.js?body=1" for 127.0.0.1 at 2012-10-09 17:58:28 +0200
Served asset /jquery_ujs.js - 304 Not Modified (0ms)


Started GET "/assets/notes.js?body=1" for 127.0.0.1 at 2012-10-09 17:58:28 +0200
Served asset /notes.js - 304 Not Modified (0ms)


Started GET "/assets/application.js?body=1" for 127.0.0.1 at 2012-10-09 17:58:28 +0200
Served asset /application.js - 304 Not Modified (1ms)


Started GET "/" for 127.0.0.1 at 2012-10-10 09:13:46 +0200
Connecting to database specified by database.yml
Processing by NotesController#index as HTML
  [1m[36mNote Load (0.1ms)[0m  [1mSELECT "notes".* FROM "notes" [0m
  Rendered notes/index.html.erb within layouts/application (5.1ms)
Compiled notes.css  (56ms)  (pid 4897)
Compiled scaffolds.css  (9ms)  (pid 4897)
Compiled application.css  (78ms)  (pid 4897)
Compiled jquery.js  (4ms)  (pid 4897)
Compiled jquery_ujs.js  (0ms)  (pid 4897)
Compiled notes.js  (569ms)  (pid 4897)
Compiled application.js  (672ms)  (pid 4897)
Completed 200 OK in 1013ms (Views: 929.1ms | ActiveRecord: 2.5ms)


Started GET "/assets/application.css?body=1" for 127.0.0.1 at 2012-10-10 09:13:48 +0200
Served asset /application.css - 304 Not Modified (3ms)


Started GET "/assets/jquery_ujs.js?body=1" for 127.0.0.1 at 2012-10-10 09:13:48 +0200
Served asset /jquery_ujs.js - 304 Not Modified (2ms)


Started GET "/assets/jquery.js?body=1" for 127.0.0.1 at 2012-10-10 09:13:48 +0200
Served asset /jquery.js - 304 Not Modified (2ms)


Started GET "/assets/scaffolds.css?body=1" for 127.0.0.1 at 2012-10-10 09:13:48 +0200
Served asset /scaffolds.css - 304 Not Modified (1ms)


Started GET "/assets/notes.css?body=1" for 127.0.0.1 at 2012-10-10 09:13:48 +0200
Served asset /notes.css - 304 Not Modified (0ms)


Started GET "/assets/notes.js?body=1" for 127.0.0.1 at 2012-10-10 09:13:48 +0200
Served asset /notes.js - 304 Not Modified (0ms)


Started GET "/assets/application.js?body=1" for 127.0.0.1 at 2012-10-10 09:13:48 +0200
Served asset /application.js - 304 Not Modified (6ms)


Started GET "/" for 127.0.0.1 at 2012-10-10 09:14:46 +0200
Processing by NotesController#index as HTML
  [1m[35mNote Load (0.2ms)[0m  SELECT "notes".* FROM "notes" 
  Rendered notes/index.html.erb within layouts/application (0.6ms)
Completed 200 OK in 10ms (Views: 9.2ms | ActiveRecord: 0.2ms)


Started GET "/assets/jquery_ujs.js?body=1" for 127.0.0.1 at 2012-10-10 09:14:46 +0200
Served asset /jquery_ujs.js - 304 Not Modified (0ms)


Started GET "/assets/notes.js?body=1" for 127.0.0.1 at 2012-10-10 09:14:46 +0200
Served asset /notes.js - 304 Not Modified (0ms)


Started GET "/assets/jquery.js?body=1" for 127.0.0.1 at 2012-10-10 09:14:46 +0200
Served asset /jquery.js - 304 Not Modified (0ms)


Started GET "/assets/scaffolds.css?body=1" for 127.0.0.1 at 2012-10-10 09:14:46 +0200
Served asset /scaffolds.css - 304 Not Modified (0ms)


Started GET "/assets/notes.css?body=1" for 127.0.0.1 at 2012-10-10 09:14:46 +0200
Served asset /notes.css - 304 Not Modified (0ms)


Started GET "/assets/application.css?body=1" for 127.0.0.1 at 2012-10-10 09:14:46 +0200
Served asset /application.css - 304 Not Modified (0ms)


Started GET "/assets/application.js?body=1" for 127.0.0.1 at 2012-10-10 09:14:46 +0200
Served asset /application.js - 304 Not Modified (1ms)
Connecting to database specified by database.yml
Connecting to database specified by database.yml
Connecting to database specified by database.yml
  [1m[36m (0.1ms)[0m  [1mSELECT version FROM schema_migrations[0m
Connecting to database specified by database.yml
  [1m[36mNote Load (0.1ms)[0m  [1mSELECT "notes".* FROM "notes" [0m
Connecting to database specified by database.yml
  [1m[36m (0.1ms)[0m  [1mSELECT "schema_migrations"."version" FROM "schema_migrations" [0m
  [1m[35m (6.5ms)[0m  select sqlite_version(*)
  [1m[36m (55.3ms)[0m  [1mCREATE TABLE "notes" ("id" INTEGER PRIMARY KEY AUTOINCREMENT NOT NULL, "user" varchar(255), "content" text, "created_at" datetime NOT NULL, "updated_at" datetime NOT NULL) [0m
  [1m[35m (56.9ms)[0m  CREATE TABLE "schema_migrations" ("version" varchar(255) NOT NULL) 
  [1m[36m (0.1ms)[0m  [1mPRAGMA index_list("schema_migrations")[0m
  [1m[35m (31.3ms)[0m  CREATE UNIQUE INDEX "unique_schema_migrations" ON "schema_migrations" ("version")
  [1m[36m (0.2ms)[0m  [1mSELECT version FROM "schema_migrations"[0m
  [1m[35m (28.8ms)[0m  INSERT INTO "schema_migrations" (version) VALUES ('20121009154446')
Connecting to database specified by database.yml
  [1m[36m (0.1ms)[0m  [1mSELECT "schema_migrations"."version" FROM "schema_migrations" [0m
  [1m[35m (4.3ms)[0m  select sqlite_version(*)
  [1m[36m (48.9ms)[0m  [1mCREATE TABLE "notes" ("id" INTEGER PRIMARY KEY AUTOINCREMENT NOT NULL, "user" varchar(255), "content" text, "created_at" datetime NOT NULL, "updated_at" datetime NOT NULL) [0m
  [1m[35m (27.7ms)[0m  CREATE TABLE "schema_migrations" ("version" varchar(255) NOT NULL) 
  [1m[36m (0.1ms)[0m  [1mPRAGMA index_list("schema_migrations")[0m
  [1m[35m (32.7ms)[0m  CREATE UNIQUE INDEX "unique_schema_migrations" ON "schema_migrations" ("version")
  [1m[36m (0.1ms)[0m  [1mSELECT version FROM "schema_migrations"[0m
  [1m[35m (34.7ms)[0m  INSERT INTO "schema_migrations" (version) VALUES ('20121009154446')
Connecting to database specified by database.yml
  [1m[36m (0.1ms)[0m  [1mSELECT "schema_migrations"."version" FROM "schema_migrations" [0m
  [1m[35m (0.6ms)[0m  select sqlite_version(*)
  [1m[36m (50.7ms)[0m  [1mCREATE TABLE "notes" ("id" INTEGER PRIMARY KEY AUTOINCREMENT NOT NULL, "user" varchar(255), "content" text, "created_at" datetime NOT NULL, "updated_at" datetime NOT NULL) [0m
  [1m[35m (33.4ms)[0m  CREATE TABLE "schema_migrations" ("version" varchar(255) NOT NULL) 
  [1m[36m (0.1ms)[0m  [1mPRAGMA index_list("schema_migrations")[0m
  [1m[35m (31.4ms)[0m  CREATE UNIQUE INDEX "unique_schema_migrations" ON "schema_migrations" ("version")
  [1m[36m (0.1ms)[0m  [1mSELECT version FROM "schema_migrations"[0m
  [1m[35m (31.9ms)[0m  INSERT INTO "schema_migrations" (version) VALUES ('20121009154446')
Connecting to database specified by database.yml
  [1m[36m (0.1ms)[0m  [1mSELECT "schema_migrations"."version" FROM "schema_migrations" [0m
  [1m[35m (0.4ms)[0m  select sqlite_version(*)
  [1m[36m (90.4ms)[0m  [1mCREATE TABLE "notes" ("id" INTEGER PRIMARY KEY AUTOINCREMENT NOT NULL, "user" varchar(255), "content" text, "created_at" datetime NOT NULL, "updated_at" datetime NOT NULL) [0m
  [1m[35m (30.5ms)[0m  CREATE TABLE "schema_migrations" ("version" varchar(255) NOT NULL) 
  [1m[36m (0.1ms)[0m  [1mPRAGMA index_list("schema_migrations")[0m
  [1m[35m (28.9ms)[0m  CREATE UNIQUE INDEX "unique_schema_migrations" ON "schema_migrations" ("version")
  [1m[36m (0.1ms)[0m  [1mSELECT version FROM "schema_migrations"[0m
  [1m[35m (31.9ms)[0m  INSERT INTO "schema_migrations" (version) VALUES ('20121009154446')
Connecting to database specified by database.yml
  [1m[36m (0.1ms)[0m  [1mSELECT "schema_migrations"."version" FROM "schema_migrations" [0m
  [1m[35m (0.3ms)[0m  select sqlite_version(*)
  [1m[36m (83.0ms)[0m  [1mCREATE TABLE "notes" ("id" INTEGER PRIMARY KEY AUTOINCREMENT NOT NULL, "user" varchar(255), "content" text, "created_at" datetime NOT NULL, "updated_at" datetime NOT NULL) [0m
  [1m[35m (30.0ms)[0m  CREATE TABLE "schema_migrations" ("version" varchar(255) NOT NULL) 
  [1m[36m (0.0ms)[0m  [1mPRAGMA index_list("schema_migrations")[0m
  [1m[35m (30.2ms)[0m  CREATE UNIQUE INDEX "unique_schema_migrations" ON "schema_migrations" ("version")
  [1m[36m (0.1ms)[0m  [1mSELECT version FROM "schema_migrations"[0m
  [1m[35m (32.9ms)[0m  INSERT INTO "schema_migrations" (version) VALUES ('20121009154446')
Connecting to database specified by database.yml
  [1m[36m (0.1ms)[0m  [1mSELECT "schema_migrations"."version" FROM "schema_migrations" [0m
  [1m[35m (0.4ms)[0m  select sqlite_version(*)
  [1m[36m (54.4ms)[0m  [1mCREATE TABLE "notes" ("id" INTEGER PRIMARY KEY AUTOINCREMENT NOT NULL, "user" varchar(255), "content" text, "created_at" datetime NOT NULL, "updated_at" datetime NOT NULL) [0m
  [1m[35m (28.8ms)[0m  CREATE TABLE "schema_migrations" ("version" varchar(255) NOT NULL) 
  [1m[36m (0.0ms)[0m  [1mPRAGMA index_list("schema_migrations")[0m
  [1m[35m (32.6ms)[0m  CREATE UNIQUE INDEX "unique_schema_migrations" ON "schema_migrations" ("version")
  [1m[36m (0.1ms)[0m  [1mSELECT version FROM "schema_migrations"[0m
  [1m[35m (28.3ms)[0m  INSERT INTO "schema_migrations" (version) VALUES ('20121009154446')
Connecting to database specified by database.yml
  [1m[36m (0.1ms)[0m  [1mSELECT "schema_migrations"."version" FROM "schema_migrations" [0m
  [1m[35m (0.4ms)[0m  select sqlite_version(*)
  [1m[36m (79.8ms)[0m  [1mCREATE TABLE "notes" ("id" INTEGER PRIMARY KEY AUTOINCREMENT NOT NULL, "user" varchar(255), "content" text, "created_at" datetime NOT NULL, "updated_at" datetime NOT NULL) [0m
  [1m[35m (30.9ms)[0m  CREATE TABLE "schema_migrations" ("version" varchar(255) NOT NULL) 
  [1m[36m (0.1ms)[0m  [1mPRAGMA index_list("schema_migrations")[0m
  [1m[35m (30.5ms)[0m  CREATE UNIQUE INDEX "unique_schema_migrations" ON "schema_migrations" ("version")
  [1m[36m (0.1ms)[0m  [1mSELECT version FROM "schema_migrations"[0m
  [1m[35m (30.1ms)[0m  INSERT INTO "schema_migrations" (version) VALUES ('20121009154446')
Connecting to database specified by database.yml
  [1m[36m (0.1ms)[0m  [1mSELECT "schema_migrations"."version" FROM "schema_migrations" [0m
  [1m[35m (0.3ms)[0m  select sqlite_version(*)
  [1m[36m (78.1ms)[0m  [1mCREATE TABLE "notes" ("id" INTEGER PRIMARY KEY AUTOINCREMENT NOT NULL, "user" varchar(255), "content" text, "created_at" datetime NOT NULL, "updated_at" datetime NOT NULL) [0m
  [1m[35m (28.5ms)[0m  CREATE TABLE "schema_migrations" ("version" varchar(255) NOT NULL) 
  [1m[36m (0.1ms)[0m  [1mPRAGMA index_list("schema_migrations")[0m
  [1m[35m (28.5ms)[0m  CREATE UNIQUE INDEX "unique_schema_migrations" ON "schema_migrations" ("version")
  [1m[36m (0.9ms)[0m  [1mSELECT version FROM "schema_migrations"[0m
  [1m[35m (29.3ms)[0m  INSERT INTO "schema_migrations" (version) VALUES ('20121009154446')
Connecting to database specified by database.yml
  [1m[36m (0.2ms)[0m  [1mSELECT "schema_migrations"."version" FROM "schema_migrations" [0m
  [1m[35m (0.3ms)[0m  select sqlite_version(*)
  [1m[36m (95.3ms)[0m  [1mCREATE TABLE "notes" ("id" INTEGER PRIMARY KEY AUTOINCREMENT NOT NULL, "user" varchar(255), "content" text, "created_at" datetime NOT NULL, "updated_at" datetime NOT NULL) [0m
  [1m[35m (31.9ms)[0m  CREATE TABLE "schema_migrations" ("version" varchar(255) NOT NULL) 
  [1m[36m (0.1ms)[0m  [1mPRAGMA index_list("schema_migrations")[0m
  [1m[35m (32.5ms)[0m  CREATE UNIQUE INDEX "unique_schema_migrations" ON "schema_migrations" ("version")
  [1m[36m (0.1ms)[0m  [1mSELECT version FROM "schema_migrations"[0m
  [1m[35m (32.2ms)[0m  INSERT INTO "schema_migrations" (version) VALUES ('20121009154446')
Connecting to database specified by database.yml
  [1m[36m (0.1ms)[0m  [1mSELECT "schema_migrations"."version" FROM "schema_migrations" [0m
  [1m[35m (0.6ms)[0m  select sqlite_version(*)
  [1m[36m (577.7ms)[0m  [1mCREATE TABLE "notes" ("id" INTEGER PRIMARY KEY AUTOINCREMENT NOT NULL, "user" varchar(255), "content" text, "created_at" datetime NOT NULL, "updated_at" datetime NOT NULL) [0m
  [1m[35m (307.0ms)[0m  CREATE TABLE "schema_migrations" ("version" varchar(255) NOT NULL) 
  [1m[36m (0.1ms)[0m  [1mPRAGMA index_list("schema_migrations")[0m
  [1m[35m (54.2ms)[0m  CREATE UNIQUE INDEX "unique_schema_migrations" ON "schema_migrations" ("version")
  [1m[36m (0.1ms)[0m  [1mSELECT version FROM "schema_migrations"[0m
  [1m[35m (29.0ms)[0m  INSERT INTO "schema_migrations" (version) VALUES ('20121009154446')
Connecting to database specified by database.yml
  [1m[36m (0.1ms)[0m  [1mSELECT "schema_migrations"."version" FROM "schema_migrations" [0m
  [1m[35m (0.6ms)[0m  select sqlite_version(*)
  [1m[36m (47.2ms)[0m  [1mCREATE TABLE "notes" ("id" INTEGER PRIMARY KEY AUTOINCREMENT NOT NULL, "user" varchar(255), "content" text, "created_at" datetime NOT NULL, "updated_at" datetime NOT NULL) [0m
  [1m[35m (29.5ms)[0m  CREATE TABLE "schema_migrations" ("version" varchar(255) NOT NULL) 
  [1m[36m (0.1ms)[0m  [1mPRAGMA index_list("schema_migrations")[0m
  [1m[35m (26.1ms)[0m  CREATE UNIQUE INDEX "unique_schema_migrations" ON "schema_migrations" ("version")
  [1m[36m (0.1ms)[0m  [1mSELECT version FROM "schema_migrations"[0m
  [1m[35m (30.3ms)[0m  INSERT INTO "schema_migrations" (version) VALUES ('20121009154446')
Connecting to database specified by database.yml
  [1m[36m (0.1ms)[0m  [1mSELECT "schema_migrations"."version" FROM "schema_migrations" [0m
  [1m[35m (0.4ms)[0m  select sqlite_version(*)
  [1m[36m (90.3ms)[0m  [1mCREATE TABLE "notes" ("id" INTEGER PRIMARY KEY AUTOINCREMENT NOT NULL, "user" varchar(255), "content" text, "created_at" datetime NOT NULL, "updated_at" datetime NOT NULL) [0m
  [1m[35m (27.7ms)[0m  CREATE TABLE "schema_migrations" ("version" varchar(255) NOT NULL) 
  [1m[36m (0.0ms)[0m  [1mPRAGMA index_list("schema_migrations")[0m
  [1m[35m (30.0ms)[0m  CREATE UNIQUE INDEX "unique_schema_migrations" ON "schema_migrations" ("version")
  [1m[36m (0.1ms)[0m  [1mSELECT version FROM "schema_migrations"[0m
  [1m[35m (33.0ms)[0m  INSERT INTO "schema_migrations" (version) VALUES ('20121009154446')
Connecting to database specified by database.yml
  [1m[36m (0.1ms)[0m  [1mSELECT "schema_migrations"."version" FROM "schema_migrations" [0m
  [1m[35m (0.4ms)[0m  select sqlite_version(*)
  [1m[36m (88.3ms)[0m  [1mCREATE TABLE "notes" ("id" INTEGER PRIMARY KEY AUTOINCREMENT NOT NULL, "user" varchar(255), "content" text, "created_at" datetime NOT NULL, "updated_at" datetime NOT NULL) [0m
  [1m[35m (34.6ms)[0m  CREATE TABLE "schema_migrations" ("version" varchar(255) NOT NULL) 
  [1m[36m (0.1ms)[0m  [1mPRAGMA index_list("schema_migrations")[0m
  [1m[35m (32.6ms)[0m  CREATE UNIQUE INDEX "unique_schema_migrations" ON "schema_migrations" ("version")
  [1m[36m (0.1ms)[0m  [1mSELECT version FROM "schema_migrations"[0m
  [1m[35m (30.8ms)[0m  INSERT INTO "schema_migrations" (version) VALUES ('20121009154446')
Connecting to database specified by database.yml
  [1m[36m (0.1ms)[0m  [1mSELECT "schema_migrations"."version" FROM "schema_migrations" [0m
  [1m[35m (0.5ms)[0m  select sqlite_version(*)
  [1m[36m (93.6ms)[0m  [1mCREATE TABLE "notes" ("id" INTEGER PRIMARY KEY AUTOINCREMENT NOT NULL, "user" varchar(255), "content" text, "created_at" datetime NOT NULL, "updated_at" datetime NOT NULL) [0m
  [1m[35m (32.3ms)[0m  CREATE TABLE "schema_migrations" ("version" varchar(255) NOT NULL) 
  [1m[36m (0.1ms)[0m  [1mPRAGMA index_list("schema_migrations")[0m
  [1m[35m (32.1ms)[0m  CREATE UNIQUE INDEX "unique_schema_migrations" ON "schema_migrations" ("version")
  [1m[36m (0.1ms)[0m  [1mSELECT version FROM "schema_migrations"[0m
  [1m[35m (27.7ms)[0m  INSERT INTO "schema_migrations" (version) VALUES ('20121009154446')
Connecting to database specified by database.yml
  [1m[36m (0.1ms)[0m  [1mSELECT "schema_migrations"."version" FROM "schema_migrations" [0m
  [1m[35m (0.3ms)[0m  select sqlite_version(*)
  [1m[36m (86.2ms)[0m  [1mCREATE TABLE "notes" ("id" INTEGER PRIMARY KEY AUTOINCREMENT NOT NULL, "user" varchar(255), "content" text, "created_at" datetime NOT NULL, "updated_at" datetime NOT NULL) [0m
  [1m[35m (32.5ms)[0m  CREATE TABLE "schema_migrations" ("version" varchar(255) NOT NULL) 
  [1m[36m (0.1ms)[0m  [1mPRAGMA index_list("schema_migrations")[0m
  [1m[35m (30.3ms)[0m  CREATE UNIQUE INDEX "unique_schema_migrations" ON "schema_migrations" ("version")
  [1m[36m (0.1ms)[0m  [1mSELECT version FROM "schema_migrations"[0m
  [1m[35m (28.4ms)[0m  INSERT INTO "schema_migrations" (version) VALUES ('20121009154446')
Connecting to database specified by database.yml
  [1m[36m (0.1ms)[0m  [1mSELECT "schema_migrations"."version" FROM "schema_migrations" [0m
  [1m[35m (0.4ms)[0m  select sqlite_version(*)
  [1m[36m (147.5ms)[0m  [1mCREATE TABLE "notes" ("id" INTEGER PRIMARY KEY AUTOINCREMENT NOT NULL, "user" varchar(255), "content" text, "created_at" datetime NOT NULL, "updated_at" datetime NOT NULL) [0m
  [1m[35m (29.0ms)[0m  CREATE TABLE "schema_migrations" ("version" varchar(255) NOT NULL) 
  [1m[36m (0.1ms)[0m  [1mPRAGMA index_list("schema_migrations")[0m
  [1m[35m (30.6ms)[0m  CREATE UNIQUE INDEX "unique_schema_migrations" ON "schema_migrations" ("version")
  [1m[36m (0.1ms)[0m  [1mSELECT version FROM "schema_migrations"[0m
  [1m[35m (27.0ms)[0m  INSERT INTO "schema_migrations" (version) VALUES ('20121009154446')
Connecting to database specified by database.yml
  [1m[36m (0.1ms)[0m  [1mSELECT "schema_migrations"."version" FROM "schema_migrations" [0m
  [1m[35m (0.4ms)[0m  select sqlite_version(*)
  [1m[36m (86.4ms)[0m  [1mCREATE TABLE "notes" ("id" INTEGER PRIMARY KEY AUTOINCREMENT NOT NULL, "user" varchar(255), "content" text, "created_at" datetime NOT NULL, "updated_at" datetime NOT NULL) [0m
  [1m[35m (32.3ms)[0m  CREATE TABLE "schema_migrations" ("version" varchar(255) NOT NULL) 
  [1m[36m (0.1ms)[0m  [1mPRAGMA index_list("schema_migrations")[0m
  [1m[35m (30.9ms)[0m  CREATE UNIQUE INDEX "unique_schema_migrations" ON "schema_migrations" ("version")
  [1m[36m (0.1ms)[0m  [1mSELECT version FROM "schema_migrations"[0m
  [1m[35m (27.1ms)[0m  INSERT INTO "schema_migrations" (version) VALUES ('20121009154446')
Connecting to database specified by database.yml
  [1m[36m (0.1ms)[0m  [1mSELECT "schema_migrations"."version" FROM "schema_migrations" [0m
  [1m[35m (0.7ms)[0m  select sqlite_version(*)
  [1m[36m (92.3ms)[0m  [1mCREATE TABLE "notes" ("id" INTEGER PRIMARY KEY AUTOINCREMENT NOT NULL, "user" varchar(255), "content" text, "created_at" datetime NOT NULL, "updated_at" datetime NOT NULL) [0m
  [1m[35m (28.5ms)[0m  CREATE TABLE "schema_migrations" ("version" varchar(255) NOT NULL) 
  [1m[36m (0.1ms)[0m  [1mPRAGMA index_list("schema_migrations")[0m
  [1m[35m (36.0ms)[0m  CREATE UNIQUE INDEX "unique_schema_migrations" ON "schema_migrations" ("version")
  [1m[36m (0.1ms)[0m  [1mSELECT version FROM "schema_migrations"[0m
  [1m[35m (32.4ms)[0m  INSERT INTO "schema_migrations" (version) VALUES ('20121009154446')
Connecting to database specified by database.yml
  [1m[36m (0.1ms)[0m  [1mSELECT "schema_migrations"."version" FROM "schema_migrations" [0m
  [1m[35m (1.4ms)[0m  select sqlite_version(*)
  [1m[36m (85.7ms)[0m  [1mCREATE TABLE "notes" ("id" INTEGER PRIMARY KEY AUTOINCREMENT NOT NULL, "user" varchar(255), "content" text, "created_at" datetime NOT NULL, "updated_at" datetime NOT NULL) [0m
  [1m[35m (26.3ms)[0m  CREATE TABLE "schema_migrations" ("version" varchar(255) NOT NULL) 
  [1m[36m (0.1ms)[0m  [1mPRAGMA index_list("schema_migrations")[0m
  [1m[35m (38.7ms)[0m  CREATE UNIQUE INDEX "unique_schema_migrations" ON "schema_migrations" ("version")
  [1m[36m (0.1ms)[0m  [1mSELECT version FROM "schema_migrations"[0m
  [1m[35m (30.5ms)[0m  INSERT INTO "schema_migrations" (version) VALUES ('20121009154446')
Connecting to database specified by database.yml
  [1m[36m (0.1ms)[0m  [1mSELECT "schema_migrations"."version" FROM "schema_migrations" [0m
  [1m[35m (0.3ms)[0m  select sqlite_version(*)
  [1m[36m (51.7ms)[0m  [1mCREATE TABLE "notes" ("id" INTEGER PRIMARY KEY AUTOINCREMENT NOT NULL, "user" varchar(255), "content" text, "created_at" datetime NOT NULL, "updated_at" datetime NOT NULL) [0m
  [1m[35m (30.2ms)[0m  CREATE TABLE "schema_migrations" ("version" varchar(255) NOT NULL) 
  [1m[36m (0.1ms)[0m  [1mPRAGMA index_list("schema_migrations")[0m
  [1m[35m (32.1ms)[0m  CREATE UNIQUE INDEX "unique_schema_migrations" ON "schema_migrations" ("version")
  [1m[36m (0.1ms)[0m  [1mSELECT version FROM "schema_migrations"[0m
  [1m[35m (32.5ms)[0m  INSERT INTO "schema_migrations" (version) VALUES ('20121009154446')
